INFO [05-19|14:57:03.948] Maximum peer count                       ETH=50 total=50
INFO [05-19|14:57:03.951] Set global gas cap                       cap=50,000,000
INFO [05-19|14:57:03.952] Initializing the KZG library             backend=gokzg
INFO [05-19|14:57:03.975] Allocated trie memory caches             clean=154.00MiB dirty=256.00MiB
INFO [05-19|14:57:03.975] Using pebble as the backing database
INFO [05-19|14:57:03.975] Allocated cache and file handles         database=/Users/iniad/Documents/graduate/first/go-ethereum/first-truffle/eth_private_net/geth/chaindata cache=512.00MiB handles=5120
INFO [05-19|14:57:04.017] Opened ancient database                  database=/Users/iniad/Documents/graduate/first/go-ethereum/first-truffle/eth_private_net/geth/chaindata/ancient/chain readonly=false
INFO [05-19|14:57:04.017] State scheme set to already existing     scheme=path
INFO [05-19|14:57:04.018] Initialising Ethereum protocol           network=10 dbversion=8
INFO [05-19|14:57:04.029] Opened ancient database                  database=/Users/iniad/Documents/graduate/first/go-ethereum/first-truffle/eth_private_net/geth/chaindata/ancient/state readonly=false
INFO [05-19|14:57:04.029] 
INFO [05-19|14:57:04.029] ---------------------------------------------------------------------------------------------------------------------------------------------------------
INFO [05-19|14:57:04.029] Chain ID:  1 (mainnet)
INFO [05-19|14:57:04.029] Consensus: Beacon (proof-of-stake), merged from Ethash (proof-of-work)
INFO [05-19|14:57:04.029] 
INFO [05-19|14:57:04.029] Pre-Merge hard forks (block based):
INFO [05-19|14:57:04.029]  - Homestead:                   #1150000  (https://github.com/ethereum/execution-specs/blob/master/network-upgrades/mainnet-upgrades/homestead.md)
INFO [05-19|14:57:04.029]  - DAO Fork:                    #1920000  (https://github.com/ethereum/execution-specs/blob/master/network-upgrades/mainnet-upgrades/dao-fork.md)
INFO [05-19|14:57:04.029]  - Tangerine Whistle (EIP 150): #2463000  (https://github.com/ethereum/execution-specs/blob/master/network-upgrades/mainnet-upgrades/tangerine-whistle.md)
INFO [05-19|14:57:04.029]  - Spurious Dragon/1 (EIP 155): #2675000  (https://github.com/ethereum/execution-specs/blob/master/network-upgrades/mainnet-upgrades/spurious-dragon.md)
INFO [05-19|14:57:04.029]  - Spurious Dragon/2 (EIP 158): #2675000  (https://github.com/ethereum/execution-specs/blob/master/network-upgrades/mainnet-upgrades/spurious-dragon.md)
INFO [05-19|14:57:04.029]  - Byzantium:                   #4370000  (https://github.com/ethereum/execution-specs/blob/master/network-upgrades/mainnet-upgrades/byzantium.md)
INFO [05-19|14:57:04.029]  - Constantinople:              #7280000  (https://github.com/ethereum/execution-specs/blob/master/network-upgrades/mainnet-upgrades/constantinople.md)
INFO [05-19|14:57:04.029]  - Petersburg:                  #7280000  (https://github.com/ethereum/execution-specs/blob/master/network-upgrades/mainnet-upgrades/petersburg.md)
INFO [05-19|14:57:04.029]  - Istanbul:                    #9069000  (https://github.com/ethereum/execution-specs/blob/master/network-upgrades/mainnet-upgrades/istanbul.md)
INFO [05-19|14:57:04.029]  - Muir Glacier:                #9200000  (https://github.com/ethereum/execution-specs/blob/master/network-upgrades/mainnet-upgrades/muir-glacier.md)
INFO [05-19|14:57:04.029]  - Berlin:                      #12244000 (https://github.com/ethereum/execution-specs/blob/master/network-upgrades/mainnet-upgrades/berlin.md)
INFO [05-19|14:57:04.029]  - London:                      #12965000 (https://github.com/ethereum/execution-specs/blob/master/network-upgrades/mainnet-upgrades/london.md)
INFO [05-19|14:57:04.029]  - Arrow Glacier:               #13773000 (https://github.com/ethereum/execution-specs/blob/master/network-upgrades/mainnet-upgrades/arrow-glacier.md)
INFO [05-19|14:57:04.029]  - Gray Glacier:                #15050000 (https://github.com/ethereum/execution-specs/blob/master/network-upgrades/mainnet-upgrades/gray-glacier.md)
INFO [05-19|14:57:04.029] 
INFO [05-19|14:57:04.029] Merge configured:
INFO [05-19|14:57:04.029]  - Hard-fork specification:    https://github.com/ethereum/execution-specs/blob/master/network-upgrades/mainnet-upgrades/paris.md
INFO [05-19|14:57:04.029]  - Network known to be merged: true
INFO [05-19|14:57:04.029]  - Total terminal difficulty:  58750000000000000000000
INFO [05-19|14:57:04.029] 
INFO [05-19|14:57:04.029] Post-Merge hard forks (timestamp based):
INFO [05-19|14:57:04.029]  - Shanghai:                    @1681338455 (https://github.com/ethereum/execution-specs/blob/master/network-upgrades/mainnet-upgrades/shanghai.md)
INFO [05-19|14:57:04.029]  - Cancun:                      @1710338135 (https://github.com/ethereum/execution-specs/blob/master/network-upgrades/mainnet-upgrades/cancun.md)
INFO [05-19|14:57:04.029] 
INFO [05-19|14:57:04.029] ---------------------------------------------------------------------------------------------------------------------------------------------------------
INFO [05-19|14:57:04.029] 
INFO [05-19|14:57:04.029] Loaded most recent local block           number=0 hash=d4e567..cb8fa3 td=17,179,869,184 age=55y2mo2d
INFO [05-19|14:57:04.029] Initialized transaction indexer          range="last 2350000 blocks"
INFO [05-19|14:57:04.029] Loaded local transaction journal         transactions=0 dropped=0
INFO [05-19|14:57:04.035] Enabled snap sync                        head=0 hash=d4e567..cb8fa3
INFO [05-19|14:57:04.035] Gasprice oracle is ignoring threshold set threshold=2
WARN [05-19|14:57:04.039] Engine API enabled                       protocol=eth
INFO [05-19|14:57:04.039] Starting peer-to-peer node               instance=Geth/v1.14.3-stable/darwin-arm64/go1.22.3
WARN [05-19|14:57:04.065] Deprecated personal namespace activated
INFO [05-19|14:57:04.066] IPC endpoint opened                      url=/Users/iniad/Documents/graduate/first/go-ethereum/first-truffle/eth_private_net/geth.ipc
INFO [05-19|14:57:04.066] Loaded JWT secret file                   path=/Users/iniad/Documents/graduate/first/go-ethereum/first-truffle/eth_private_net/geth/jwtsecret crc32=0x36c228c9
INFO [05-19|14:57:04.066] HTTP server started                      endpoint=[::]:8545 auth=false prefix= cors= vhosts=localhost
INFO [05-19|14:57:04.066] New local node record                    seq=1,716,098,130,429 id=86644b72946e9128 ip=127.0.0.1 udp=0 tcp=30303
INFO [05-19|14:57:04.066] Started P2P networking                   self="enode://e0359a67570d901fa2c4db780736fed031f41b0ee1a6306f054e6bcf4ae6d25865ed3000c3fef9b04933c0281e54d34873536ae20acba189e5dd4b8208ebd09e@127.0.0.1:30303?discport=0"
INFO [05-19|14:57:04.068] WebSocket enabled                        url=ws://127.0.0.1:8551
INFO [05-19|14:57:04.068] HTTP server started                      endpoint=127.0.0.1:8551 auth=true  prefix= cors=localhost vhosts=localhost
WARN [05-19|14:57:04.089] Enabling deprecated personal namespace
INFO [05-19|14:57:04.091] NAT mapped port                          proto=TCP extport=30303 intport=30303 interface=NAT-PMP(192.168.0.1)
INFO [05-19|14:57:34.311] HTTP server stopped                      endpoint=[::]:8545
INFO [05-19|14:57:34.311] HTTP server stopped                      endpoint=127.0.0.1:8551
INFO [05-19|14:57:34.311] IPC endpoint closed                      url=/Users/iniad/Documents/graduate/first/go-ethereum/first-truffle/eth_private_net/geth.ipc
INFO [05-19|14:57:34.311] Ethereum protocol stopped
INFO [05-19|14:57:34.312] Transaction pool stopped
INFO [05-19|14:57:34.329] Persisting dirty state to disk           root=d7f897..0f0544 layers=0
INFO [05-19|14:57:34.334] Persisted dirty state to disk            size=69.00B elapsed=4.581ms
INFO [05-19|14:57:34.337] Blockchain stopped
INFO [05-19|14:58:03.913] Maximum peer count                       ETH=50 total=50
INFO [05-19|14:58:03.916] Set global gas cap                       cap=50,000,000
INFO [05-19|14:58:03.916] Initializing the KZG library             backend=gokzg
INFO [05-19|14:58:03.940] Allocated trie memory caches             clean=154.00MiB dirty=256.00MiB
INFO [05-19|14:58:03.940] Using pebble as the backing database
INFO [05-19|14:58:03.940] Allocated cache and file handles         database=/Users/iniad/Documents/graduate/first/go-ethereum/first-truffle/eth_private_net/geth/chaindata cache=512.00MiB handles=5120
INFO [05-19|14:58:04.036] Opened ancient database                  database=/Users/iniad/Documents/graduate/first/go-ethereum/first-truffle/eth_private_net/geth/chaindata/ancient/chain readonly=false
INFO [05-19|14:58:04.036] State scheme set to already existing     scheme=path
INFO [05-19|14:58:04.037] Initialising Ethereum protocol           network=10 dbversion=8
INFO [05-19|14:58:04.098] Opened ancient database                  database=/Users/iniad/Documents/graduate/first/go-ethereum/first-truffle/eth_private_net/geth/chaindata/ancient/state readonly=false
INFO [05-19|14:58:04.098] 
INFO [05-19|14:58:04.098] ---------------------------------------------------------------------------------------------------------------------------------------------------------
INFO [05-19|14:58:04.098] Chain ID:  1 (mainnet)
INFO [05-19|14:58:04.098] Consensus: Beacon (proof-of-stake), merged from Ethash (proof-of-work)
INFO [05-19|14:58:04.098] 
INFO [05-19|14:58:04.098] Pre-Merge hard forks (block based):
INFO [05-19|14:58:04.098]  - Homestead:                   #1150000  (https://github.com/ethereum/execution-specs/blob/master/network-upgrades/mainnet-upgrades/homestead.md)
INFO [05-19|14:58:04.098]  - DAO Fork:                    #1920000  (https://github.com/ethereum/execution-specs/blob/master/network-upgrades/mainnet-upgrades/dao-fork.md)
INFO [05-19|14:58:04.098]  - Tangerine Whistle (EIP 150): #2463000  (https://github.com/ethereum/execution-specs/blob/master/network-upgrades/mainnet-upgrades/tangerine-whistle.md)
INFO [05-19|14:58:04.098]  - Spurious Dragon/1 (EIP 155): #2675000  (https://github.com/ethereum/execution-specs/blob/master/network-upgrades/mainnet-upgrades/spurious-dragon.md)
INFO [05-19|14:58:04.098]  - Spurious Dragon/2 (EIP 158): #2675000  (https://github.com/ethereum/execution-specs/blob/master/network-upgrades/mainnet-upgrades/spurious-dragon.md)
INFO [05-19|14:58:04.098]  - Byzantium:                   #4370000  (https://github.com/ethereum/execution-specs/blob/master/network-upgrades/mainnet-upgrades/byzantium.md)
INFO [05-19|14:58:04.098]  - Constantinople:              #7280000  (https://github.com/ethereum/execution-specs/blob/master/network-upgrades/mainnet-upgrades/constantinople.md)
INFO [05-19|14:58:04.098]  - Petersburg:                  #7280000  (https://github.com/ethereum/execution-specs/blob/master/network-upgrades/mainnet-upgrades/petersburg.md)
INFO [05-19|14:58:04.098]  - Istanbul:                    #9069000  (https://github.com/ethereum/execution-specs/blob/master/network-upgrades/mainnet-upgrades/istanbul.md)
INFO [05-19|14:58:04.098]  - Muir Glacier:                #9200000  (https://github.com/ethereum/execution-specs/blob/master/network-upgrades/mainnet-upgrades/muir-glacier.md)
INFO [05-19|14:58:04.098]  - Berlin:                      #12244000 (https://github.com/ethereum/execution-specs/blob/master/network-upgrades/mainnet-upgrades/berlin.md)
INFO [05-19|14:58:04.098]  - London:                      #12965000 (https://github.com/ethereum/execution-specs/blob/master/network-upgrades/mainnet-upgrades/london.md)
INFO [05-19|14:58:04.098]  - Arrow Glacier:               #13773000 (https://github.com/ethereum/execution-specs/blob/master/network-upgrades/mainnet-upgrades/arrow-glacier.md)
INFO [05-19|14:58:04.098]  - Gray Glacier:                #15050000 (https://github.com/ethereum/execution-specs/blob/master/network-upgrades/mainnet-upgrades/gray-glacier.md)
INFO [05-19|14:58:04.098] 
INFO [05-19|14:58:04.098] Merge configured:
INFO [05-19|14:58:04.098]  - Hard-fork specification:    https://github.com/ethereum/execution-specs/blob/master/network-upgrades/mainnet-upgrades/paris.md
INFO [05-19|14:58:04.098]  - Network known to be merged: true
INFO [05-19|14:58:04.098]  - Total terminal difficulty:  58750000000000000000000
INFO [05-19|14:58:04.098] 
INFO [05-19|14:58:04.098] Post-Merge hard forks (timestamp based):
INFO [05-19|14:58:04.098]  - Shanghai:                    @1681338455 (https://github.com/ethereum/execution-specs/blob/master/network-upgrades/mainnet-upgrades/shanghai.md)
INFO [05-19|14:58:04.098]  - Cancun:                      @1710338135 (https://github.com/ethereum/execution-specs/blob/master/network-upgrades/mainnet-upgrades/cancun.md)
INFO [05-19|14:58:04.098] 
INFO [05-19|14:58:04.098] ---------------------------------------------------------------------------------------------------------------------------------------------------------
INFO [05-19|14:58:04.098] 
INFO [05-19|14:58:04.099] Loaded most recent local block           number=0 hash=d4e567..cb8fa3 td=17,179,869,184 age=55y2mo2d
INFO [05-19|14:58:04.099] Initialized transaction indexer          range="last 2350000 blocks"
INFO [05-19|14:58:04.099] Loaded local transaction journal         transactions=0 dropped=0
INFO [05-19|14:58:04.106] Enabled snap sync                        head=0 hash=d4e567..cb8fa3
INFO [05-19|14:58:04.106] Gasprice oracle is ignoring threshold set threshold=2
WARN [05-19|14:58:04.111] Engine API enabled                       protocol=eth
INFO [05-19|14:58:04.111] Starting peer-to-peer node               instance=Geth/v1.14.3-stable/darwin-arm64/go1.22.3
WARN [05-19|14:58:04.155] Deprecated personal namespace activated
INFO [05-19|14:58:04.159] New local node record                    seq=1,716,098,130,430 id=86644b72946e9128 ip=127.0.0.1 udp=0 tcp=30303
INFO [05-19|14:58:04.159] Started P2P networking                   self="enode://e0359a67570d901fa2c4db780736fed031f41b0ee1a6306f054e6bcf4ae6d25865ed3000c3fef9b04933c0281e54d34873536ae20acba189e5dd4b8208ebd09e@127.0.0.1:30303?discport=0"
INFO [05-19|14:58:04.160] IPC endpoint opened                      url=/Users/iniad/Documents/graduate/first/go-ethereum/first-truffle/eth_private_net/geth.ipc
INFO [05-19|14:58:04.160] Loaded JWT secret file                   path=/Users/iniad/Documents/graduate/first/go-ethereum/first-truffle/eth_private_net/geth/jwtsecret crc32=0x36c228c9
INFO [05-19|14:58:04.161] HTTP server started                      endpoint=[::]:8545 auth=false prefix= cors= vhosts=localhost
INFO [05-19|14:58:04.162] WebSocket enabled                        url=ws://127.0.0.1:8551
INFO [05-19|14:58:04.162] HTTP server started                      endpoint=127.0.0.1:8551 auth=true  prefix= cors=localhost vhosts=localhost
INFO [05-19|14:58:04.179] NAT mapped port                          proto=TCP extport=30303 intport=30303 interface=NAT-PMP(192.168.0.1)
WARN [05-19|14:58:04.193] Enabling deprecated personal namespace
WARN [05-19|14:58:39.112] Post-merge network, but no beacon client seen. Please launch one to follow the chain!
WARN [05-19|15:35:28.188] Post-merge network, but no beacon client seen. Please launch one to follow the chain!
INFO [05-19|15:55:00.237] NAT mapped port                          proto=TCP extport=30303 intport=30303 interface=NAT-PMP(192.168.0.1)
WARN [05-19|16:13:40.543] Post-merge network, but no beacon client seen. Please launch one to follow the chain!
WARN [05-19|16:29:03.452] Post-merge network, but no beacon client seen. Please launch one to follow the chain!
INFO [05-19|16:35:34.033] NAT mapped port                          proto=TCP extport=30303 intport=30303 interface=NAT-PMP(192.168.0.1)
WARN [05-19|17:17:09.844] Post-merge network, but no beacon client seen. Please launch one to follow the chain!
INFO [05-19|17:20:34.479] NAT mapped port                          proto=TCP extport=30303 intport=30303 interface=NAT-PMP(192.168.0.1)
WARN [05-19|17:22:09.950] Post-merge network, but no beacon client seen. Please launch one to follow the chain!
WARN [05-19|17:27:10.060] Post-merge network, but no beacon client seen. Please launch one to follow the chain!
INFO [05-19|17:28:34.479] NAT mapped port                          proto=TCP extport=30303 intport=30303 interface=NAT-PMP(192.168.0.1)
WARN [05-19|17:32:10.162] Post-merge network, but no beacon client seen. Please launch one to follow the chain!
INFO [05-19|17:36:34.476] NAT mapped port                          proto=TCP extport=30303 intport=30303 interface=NAT-PMP(192.168.0.1)
WARN [05-19|17:37:10.255] Post-merge network, but no beacon client seen. Please launch one to follow the chain!
WARN [05-19|17:38:04.553] Disk space is running low. Geth will shutdown if disk space runs below critical level. available=571.02MiB critical_level=512.00MiB path=/Users/iniad/Documents/graduate/first/go-ethereum/first-truffle/eth_private_net/geth
ERROR[05-19|17:38:34.554] Low disk space. Gracefully shutting down Geth to prevent database corruption. available=266.11MiB path=/Users/iniad/Documents/graduate/first/go-ethereum/first-truffle/eth_private_net/geth
INFO [05-19|17:38:34.556] Got interrupt, shutting down...
INFO [05-19|17:38:34.556] HTTP server stopped                      endpoint=[::]:8545
INFO [05-19|17:38:34.556] HTTP server stopped                      endpoint=127.0.0.1:8551
INFO [05-19|17:38:34.558] IPC endpoint closed                      url=/Users/iniad/Documents/graduate/first/go-ethereum/first-truffle/eth_private_net/geth.ipc
INFO [05-19|17:38:34.559] Ethereum protocol stopped
INFO [05-19|17:38:34.559] Transaction pool stopped
INFO [05-19|17:38:34.682] Persisting dirty state to disk           root=d7f897..0f0544 layers=0
INFO [05-19|17:38:34.700] Persisted dirty state to disk            size=69.00B elapsed=18.522ms
INFO [05-19|17:38:34.712] Blockchain stopped
